kotlin version: 2.2.0
error message: org.jetbrains.kotlin.backend.common.BackendException: Backend Internal error: Exception during IR lowering
File being compiled: C:/Users/Srivya/StudioProjects/SrivyaRadio/app/src/main/java/com/app/srivyaradio/media/PlayerService.kt
The root cause org.jetbrains.kotlin.backend.common.CompilationException was thrown at: org.jetbrains.kotlin.ir.util.IrUtilsKt.getParentAsClass(IrUtils.kt:312)
	at org.jetbrains.kotlin.backend.common.BackendException$Companion.report(BackendException.kt:31)
	at org.jetbrains.kotlin.backend.common.BackendException$Companion.report$default(BackendException.kt:15)
	at org.jetbrains.kotlin.backend.common.phaser.PerformByIrFilePhase.invoke(PerformByIrFilePhase.kt:37)
	at org.jetbrains.kotlin.backend.common.phaser.PerformByIrFilePhase.invoke(PerformByIrFilePhase.kt:15)
	at org.jetbrains.kotlin.backend.common.phaser.PhaseEngine.runPhase(PhaseEngine.kt:64)
	at org.jetbrains.kotlin.backend.common.phaser.PhaseEngine.runPhase$default(PhaseEngine.kt:56)
	at org.jetbrains.kotlin.backend.jvm.JvmIrCodegenFactory.invokeLowerings(JvmIrCodegenFactory.kt:359)
	at org.jetbrains.kotlin.cli.jvm.compiler.legacy.pipeline.JvmCompilerPipelineKt.generateCodeFromIr(jvmCompilerPipeline.kt:170)
	at org.jetbrains.kotlin.kapt.FirKaptAnalysisHandlerExtension.contextForStubGeneration(FirKaptAnalysisHandlerExtension.kt:223)
	at org.jetbrains.kotlin.kapt.FirKaptAnalysisHandlerExtension.doAnalysis(FirKaptAnalysisHandlerExtension.kt:117)
	at org.jetbrains.kotlin.fir.extensions.FirAnalysisHandlerExtension$Companion.analyze(FirAnalysisHandlerExtension.kt:29)
	at org.jetbrains.kotlin.cli.pipeline.jvm.JvmFrontendPipelinePhase.executePhase(JvmFrontendPipelinePhase.kt:84)
	at org.jetbrains.kotlin.cli.pipeline.jvm.JvmFrontendPipelinePhase.executePhase(JvmFrontendPipelinePhase.kt:56)
	at org.jetbrains.kotlin.cli.pipeline.PipelinePhase.phaseBody(PipelinePhase.kt:68)
	at org.jetbrains.kotlin.cli.pipeline.PipelinePhase.phaseBody(PipelinePhase.kt:58)
	at org.jetbrains.kotlin.config.phaser.NamedCompilerPhase.invoke(CompilerPhase.kt:102)
	at org.jetbrains.kotlin.backend.common.phaser.CompositePhase.invoke(PhaseBuilders.kt:22)
	at org.jetbrains.kotlin.config.phaser.CompilerPhaseKt.invokeToplevel(CompilerPhase.kt:53)
	at org.jetbrains.kotlin.cli.pipeline.AbstractCliPipeline.runPhasedPipeline(AbstractCliPipeline.kt:109)
	at org.jetbrains.kotlin.cli.pipeline.AbstractCliPipeline.execute(AbstractCliPipeline.kt:68)
	at org.jetbrains.kotlin.cli.jvm.K2JVMCompiler.doExecutePhased(K2JVMCompiler.kt:78)
	at org.jetbrains.kotlin.cli.jvm.K2JVMCompiler.doExecutePhased(K2JVMCompiler.kt:44)
	at org.jetbrains.kotlin.cli.common.CLICompiler.execImpl(CLICompiler.kt:90)
	at org.jetbrains.kotlin.cli.common.CLICompiler.exec(CLICompiler.kt:352)
	at org.jetbrains.kotlin.incremental.IncrementalJvmCompilerRunnerBase.runCompiler(IncrementalJvmCompilerRunnerBase.kt:175)
	at org.jetbrains.kotlin.incremental.IncrementalJvmCompilerRunnerBase.runCompiler(IncrementalJvmCompilerRunnerBase.kt:38)
	at org.jetbrains.kotlin.incremental.IncrementalCompilerRunner.doCompile(IncrementalCompilerRunner.kt:504)
	at org.jetbrains.kotlin.incremental.IncrementalCompilerRunner.compileImpl(IncrementalCompilerRunner.kt:421)
	at org.jetbrains.kotlin.incremental.IncrementalCompilerRunner.compileNonIncrementally(IncrementalCompilerRunner.kt:306)
	at org.jetbrains.kotlin.incremental.IncrementalCompilerRunner.compile(IncrementalCompilerRunner.kt:133)
	at org.jetbrains.kotlin.daemon.CompileServiceImplBase.execIncrementalCompiler(CompileServiceImpl.kt:679)
	at org.jetbrains.kotlin.daemon.CompileServiceImplBase.access$execIncrementalCompiler(CompileServiceImpl.kt:93)
	at org.jetbrains.kotlin.daemon.CompileServiceImpl.compile(CompileServiceImpl.kt:1806)
	at java.base/jdk.internal.reflect.DirectMethodHandleAccessor.invoke(Unknown Source)
	at java.base/java.lang.reflect.Method.invoke(Unknown Source)
	at java.rmi/sun.rmi.server.UnicastServerRef.dispatch(Unknown Source)
	at java.rmi/sun.rmi.transport.Transport$1.run(Unknown Source)
	at java.rmi/sun.rmi.transport.Transport$1.run(Unknown Source)
	at java.base/java.security.AccessController.doPrivileged(Unknown Source)
	at java.rmi/sun.rmi.transport.Transport.serviceCall(Unknown Source)
	at java.rmi/sun.rmi.transport.tcp.TCPTransport.handleMessages(Unknown Source)
	at java.rmi/sun.rmi.transport.tcp.TCPTransport$ConnectionHandler.run0(Unknown Source)
	at java.rmi/sun.rmi.transport.tcp.TCPTransport$ConnectionHandler.lambda$run$0(Unknown Source)
	at java.base/java.security.AccessController.doPrivileged(Unknown Source)
	at java.rmi/sun.rmi.transport.tcp.TCPTransport$ConnectionHandler.run(Unknown Source)
	at java.base/java.util.concurrent.ThreadPoolExecutor.runWorker(Unknown Source)
	at java.base/java.util.concurrent.ThreadPoolExecutor$Worker.run(Unknown Source)
	at java.base/java.lang.Thread.run(Unknown Source)
Caused by: org.jetbrains.kotlin.backend.common.CompilationException: Back-end: Please report this problem https://kotl.in/issue
C:/Users/Srivya/StudioProjects/SrivyaRadio/app/src/main/java/com/app/srivyaradio/media/PlayerService.kt:337:5
Problem with `private inner class MediaLibrarySessionCallback : ErrorType {
  constructor() /* primary */

  open fun onConnect(session: MediaSession, controller: ControllerInfo): ConnectionResult {
    return error("") /* ErrorExpression */
  }

  open fun onCustomCommand(session: MediaSession, controller: ControllerInfo, customCommand: SessionCommand, args: Bundle): ListenableFuture<SessionResult> {
    return error("") /* ErrorExpression */
  }

  open fun onGetLibraryRoot(session: ErrorType, browser: ControllerInfo, params: ErrorType): LibraryResult<MediaItem> {
    return error("") /* ErrorExpression */
  }

  fun <no name provided>() {
    return error("") /* ErrorExpression */
  }

  open fun onGetItem(session: ErrorType, browser: ControllerInfo, mediaId: String): ListenableFuture<LibraryResult<MediaItem>> {
    return error("") /* ErrorExpression */
  }

  open fun onGetChildren(session: ErrorType, browser: ControllerInfo, parentId: String, page: Int, pageSize: Int, params: ErrorType): LibraryResult<ImmutableList<MediaItem>> {
    return error("") /* ErrorExpression */
  }

  fun <no name provided>() {
    return error("") /* ErrorExpression */
  }

  open fun onSubscribe(session: ErrorType, browser: ControllerInfo, parentId: String, params: ErrorType): ListenableFuture<LibraryResult<Void>> {
    return error("") /* ErrorExpression */
  }

  @UnstableApi
  open fun onSetMediaItems(mediaSession: MediaSession, controller: ControllerInfo, mediaItems: MutableList<MediaItem>, startIndex: Int, startPositionMs: Long): ListenableFuture<MediaItemsWithStartPosition> {
    return error("") /* ErrorExpression */
  }

}

`
Details: Internal error in declaration transformer: java.lang.IllegalStateException: Parent of this declaration is not a class: CLASS CLASS name:MediaLibrarySessionCallback modality:FINAL visibility:private [inner] superTypes:[IrErrorType([Error type: Unresolved type for MediaLibrarySession.Callback])]
	at org.jetbrains.kotlin.ir.util.IrUtilsKt.getParentAsClass(IrUtils.kt:312)
	at org.jetbrains.kotlin.backend.jvm.JvmInnerClassesSupport.createInnerClassConstructorWithOuterThisParameter(JvmInnerClassesSupport.kt:71)
	at org.jetbrains.kotlin.backend.jvm.JvmInnerClassesSupport.getInnerClassConstructorWithOuterThisParameter(JvmInnerClassesSupport.kt:44)
	at org.jetbrains.kotlin.backend.common.lower.InnerClassesLowering.lowerConstructor(InnerClassesLowering.kt:69)
	at org.jetbrains.kotlin.backend.common.lower.InnerClassesLowering.transformFlat(InnerClassesLowering.kt:49)
	at org.jetbrains.kotlin.backend.common.DeclarationTransformer.transformFlatRestricted$lambda$1(Lower.kt:238)
	at org.jetbrains.kotlin.ir.declarations.StageController.restrictTo(PersistentApi.kt:11)
	at org.jetbrains.kotlin.backend.common.DeclarationTransformer.transformFlatRestricted(Lower.kt:237)
	at org.jetbrains.kotlin.backend.common.DeclarationTransformer.access$transformFlatRestricted(Lower.kt:211)
	at org.jetbrains.kotlin.backend.common.DeclarationTransformer$Visitor.visitClass(Lower.kt:296)
	at org.jetbrains.kotlin.ir.visitors.IrVisitorVoid.visitClass(IrVisitorVoid.kt:44)
	at org.jetbrains.kotlin.ir.visitors.IrVisitorVoid.visitClass(IrVisitorVoid.kt:18)
	at org.jetbrains.kotlin.ir.declarations.IrClass.accept(IrClass.kt:72)
	at org.jetbrains.kotlin.ir.visitors.IrVisitorsKt.acceptVoid(IrVisitors.kt:11)
	at org.jetbrains.kotlin.backend.common.DeclarationTransformer.lower(Lower.kt:221)
	at org.jetbrains.kotlin.backend.common.phaser.PhaseFactoriesKt.createFilePhase$lambda$4(PhaseFactories.kt:88)
	at org.jetbrains.kotlin.backend.common.phaser.PhaseBuildersKt$createSimpleNamedCompilerPhase$1.phaseBody(PhaseBuilders.kt:58)
	at org.jetbrains.kotlin.config.phaser.NamedCompilerPhase.invoke(CompilerPhase.kt:102)
	at org.jetbrains.kotlin.backend.common.phaser.PerformByIrFilePhase.invoke(PerformByIrFilePhase.kt:34)
	... 45 more
Caused by: java.lang.IllegalStateException: Parent of this declaration is not a class: CLASS CLASS name:MediaLibrarySessionCallback modality:FINAL visibility:private [inner] superTypes:[IrErrorType([Error type: Unresolved type for MediaLibrarySession.Callback])]
	... 64 more


